# JRE version: Java(TM) SE Runtime Environment (7.0_45-b18) (build 1.7.0_45-b18)
# Java VM: Java HotSpot(TM) Server VM (24.45-b08 mixed mode windows-x86 )
Heap
 PSYoungGen      total 143616K, used 117083K [0x35480000, 0x45480000, 0x45480000)
  eden space 134912K, 80% used [0x35480000,0x3be58ce8,0x3d840000)
  from space 8704K, 99% used [0x3d840000,0x3e0be1b8,0x3e0c0000)
  to   space 11264K, 0% used [0x44980000,0x44980000,0x45480000)
 ParOldGen       total 43776K, used 21932K [0x15480000, 0x17f40000, 0x35480000)
  object space 43776K, 50% used [0x15480000,0x169eb220,0x17f40000)
 PSPermGen       total 32768K, used 17279K [0x05480000, 0x07480000, 0x15480000)
  object space 32768K, 52% used [0x05480000,0x0655fc58,0x07480000)
GC Heap History (10 events):
Event: 1.973 GC heap before
{Heap before GC invocations=3 (full 0):
 PSYoungGen      total 36352K, used 36348K [0x35480000, 0x37a80000, 0x45480000)
  eden space 33792K, 100% used [0x35480000,0x37580000,0x37580000)
  from space 2560K, 99% used [0x37800000,0x37a7f188,0x37a80000)
  to   space 2560K, 0% used [0x37580000,0x37580000,0x37800000)
 ParOldGen       total 43776K, used 6066K [0x15480000, 0x17f40000, 0x35480000)
  object space 43776K, 13% used [0x15480000,0x15a6c870,0x17f40000)
 PSPermGen       total 32768K, used 10835K [0x05480000, 0x07480000, 0x15480000)
  object space 32768K, 33% used [0x05480000,0x05f14f18,0x07480000)
Event: 2.001 GC heap after
Heap after GC invocations=3 (full 0):
 PSYoungGen      total 36352K, used 2556K [0x35480000, 0x39b80000, 0x45480000)
  eden space 33792K, 0% used [0x35480000,0x35480000,0x37580000)
  from space 2560K, 99% used [0x37580000,0x377ff048,0x37800000)
  to   space 2560K, 0% used [0x39900000,0x39900000,0x39b80000)
 ParOldGen       total 43776K, used 11225K [0x15480000, 0x17f40000, 0x35480000)
  object space 43776K, 25% used [0x15480000,0x15f76438,0x17f40000)
 PSPermGen       total 32768K, used 10835K [0x05480000, 0x07480000, 0x15480000)
  object space 32768K, 33% used [0x05480000,0x05f14f18,0x07480000)
}
Event: 2.852 GC heap before
{Heap before GC invocations=4 (full 0):
 PSYoungGen      total 36352K, used 36348K [0x35480000, 0x39b80000, 0x45480000)
  eden space 33792K, 100% used [0x35480000,0x37580000,0x37580000)
  from space 2560K, 99% used [0x37580000,0x377ff048,0x37800000)
  to   space 2560K, 0% used [0x39900000,0x39900000,0x39b80000)
 ParOldGen       total 43776K, used 11225K [0x15480000, 0x17f40000, 0x35480000)
  object space 43776K, 25% used [0x15480000,0x15f76438,0x17f40000)
 PSPermGen       total 32768K, used 12773K [0x05480000, 0x07480000, 0x15480000)
  object space 32768K, 38% used [0x05480000,0x060f97c0,0x07480000)
Event: 2.868 GC heap after
Heap after GC invocations=4 (full 0):
 PSYoungGen      total 70144K, used 2554K [0x35480000, 0x39b80000, 0x45480000)
  eden space 67584K, 0% used [0x35480000,0x35480000,0x39680000)
  from space 2560K, 99% used [0x39900000,0x39b7eb30,0x39b80000)
  to   space 2560K, 0% used [0x39680000,0x39680000,0x39900000)
 ParOldGen       total 43776K, used 15544K [0x15480000, 0x17f40000, 0x35480000)
  object space 43776K, 35% used [0x15480000,0x163ae2a0,0x17f40000)
 PSPermGen       total 32768K, used 12773K [0x05480000, 0x07480000, 0x15480000)
  object space 32768K, 38% used [0x05480000,0x060f97c0,0x07480000)
}
Event: 4.182 GC heap before
{Heap before GC invocations=5 (full 0):
 PSYoungGen      total 70144K, used 70138K [0x35480000, 0x39b80000, 0x45480000)
  eden space 67584K, 100% used [0x35480000,0x39680000,0x39680000)
  from space 2560K, 99% used [0x39900000,0x39b7eb30,0x39b80000)
  to   space 2560K, 0% used [0x39680000,0x39680000,0x39900000)
 ParOldGen       total 43776K, used 15544K [0x15480000, 0x17f40000, 0x35480000)
  object space 43776K, 35% used [0x15480000,0x163ae2a0,0x17f40000)
 PSPermGen       total 32768K, used 12947K [0x05480000, 0x07480000, 0x15480000)
  object space 32768K, 39% used [0x05480000,0x06124cb8,0x07480000)
Event: 4.198 GC heap after
Heap after GC invocations=5 (full 0):
 PSYoungGen      total 70144K, used 2545K [0x35480000, 0x3e900000, 0x45480000)
  eden space 67584K, 0% used [0x35480000,0x35480000,0x39680000)
  from space 2560K, 99% used [0x39680000,0x398fc608,0x39900000)
  to   space 8448K, 0% used [0x3e0c0000,0x3e0c0000,0x3e900000)
 ParOldGen       total 43776K, used 18460K [0x15480000, 0x17f40000, 0x35480000)
  object space 43776K, 42% used [0x15480000,0x16687238,0x17f40000)
 PSPermGen       total 32768K, used 12947K [0x05480000, 0x07480000, 0x15480000)
  object space 32768K, 39% used [0x05480000,0x06124cb8,0x07480000)
}
Event: 5.088 GC heap before
{Heap before GC invocations=6 (full 0):
 PSYoungGen      total 70144K, used 70129K [0x35480000, 0x3e900000, 0x45480000)
  eden space 67584K, 100% used [0x35480000,0x39680000,0x39680000)
  from space 2560K, 99% used [0x39680000,0x398fc608,0x39900000)
  to   space 8448K, 0% used [0x3e0c0000,0x3e0c0000,0x3e900000)
 ParOldGen       total 43776K, used 18460K [0x15480000, 0x17f40000, 0x35480000)
  object space 43776K, 42% used [0x15480000,0x16687238,0x17f40000)
 PSPermGen       total 32768K, used 12996K [0x05480000, 0x07480000, 0x15480000)
  object space 32768K, 39% used [0x05480000,0x061313f0,0x07480000)
Event: 5.127 GC heap after
Heap after GC invocations=6 (full 0):
 PSYoungGen      total 143360K, used 3929K [0x35480000, 0x3e980000, 0x45480000)
  eden space 134912K, 0% used [0x35480000,0x35480000,0x3d840000)
  from space 8448K, 46% used [0x3e0c0000,0x3e4965f8,0x3e900000)
  to   space 8704K, 0% used [0x3d840000,0x3d840000,0x3e0c0000)
 ParOldGen       total 43776K, used 18460K [0x15480000, 0x17f40000, 0x35480000)
  object space 43776K, 42% used [0x15480000,0x16687238,0x17f40000)
 PSPermGen       total 32768K, used 12996K [0x05480000, 0x07480000, 0x15480000)
  object space 32768K, 39% used [0x05480000,0x061313f0,0x07480000)
}
Event: 7.337 GC heap before
{Heap before GC invocations=7 (full 0):
 PSYoungGen      total 143360K, used 138841K [0x35480000, 0x3e980000, 0x45480000)
  eden space 134912K, 100% used [0x35480000,0x3d840000,0x3d840000)
  from space 8448K, 46% used [0x3e0c0000,0x3e4965f8,0x3e900000)
  to   space 8704K, 0% used [0x3d840000,0x3d840000,0x3e0c0000)
 ParOldGen       total 43776K, used 18460K [0x15480000, 0x17f40000, 0x35480000)
  object space 43776K, 42% used [0x15480000,0x16687238,0x17f40000)
 PSPermGen       total 32768K, used 15968K [0x05480000, 0x07480000, 0x15480000)
  object space 32768K, 48% used [0x05480000,0x06418048,0x07480000)
Event: 7.368 GC heap after
Heap after GC invocations=7 (full 0):
 PSYoungGen      total 143616K, used 8696K [0x35480000, 0x45480000, 0x45480000)
  eden space 134912K, 0% used [0x35480000,0x35480000,0x3d840000)
  from space 8704K, 99% used [0x3d840000,0x3e0be1b8,0x3e0c0000)
  to   space 11264K, 0% used [0x44980000,0x44980000,0x45480000)
 ParOldGen       total 43776K, used 21932K [0x15480000, 0x17f40000, 0x35480000)
  object space 43776K, 50% used [0x15480000,0x169eb220,0x17f40000)
 PSPermGen       total 32768K, used 15968K [0x05480000, 0x07480000, 0x15480000)
  object space 32768K, 48% used [0x05480000,0x06418048,0x07480000)
}

